-49980
-49965
-49950
-49949
-49948
-49934
-49927
-49897
-49889
-49889
-49873
-49864
-49857
-49844
-49834
-49829
-49827
-49826
-49821
-49818
-49776
-49771
-49759
-49759
-49757
-49746
-49744
-49735
-49727
-49723
-49718
-49701
-49698
-49678
-49661
-49660
-49627
-49609
-49596
-49590
-49580
-49557
-49551
-49551
-49550
-49533
-49530
-49524
-49518
-49515
-49513
-49493
-49490
-49486
-49476
-49465
-49448
-49434
-49430
-49424
-49423
-49407
-49397
-49379
-49357
-49347
-49323
-49302
-49301
-49297
-49293
-49283
-49262
-49241
-49239
-49235
-49232
-49230
-49207
-49195
-49189
-49162
-49158
-49156
-49150
-49149
-49142
-49141
-49138
-49136
-49126
-49122
-49112
-49109
-49107
-49063
-49063
-49054
-49050
-49043
-49042
-49029
-49024
-49014
-49013
-49010
-49003
-48997
-48995
-48991
-48983
-48980
-48975
-48945
-48942
-48919
-48917
-48915
-48904
-48903
-48897
-48889
-48888
-48880
-48879
-48860
-48829
-48826
-48820
-48809
-48803
-48802
-48802
-48796
-48789
-48766
-48697
-48682
-48671
-48662
-48649
-48644
-48640
-48636
-48624
-48614
-48613
-48606
-48599
-48599
-48566
-48541
-48522
-48517
-48503
-48502
-48497
-48494
-48486
-48482
-48460
-48445
-48435
-48431
-48418
-48410
-48396
-48388
-48386
-48378
-48370
-48365
-48352
-48351
-48344
-48336
-48318
-48315
-48314
-48313
-48305
-48278
-48258
-48253
-48246
-48235
-48232
-48228
-48216
-48212
-48197
-48195
-48185
-48137
-48137
-48126
-48120
-48106
-48104
-48101
-48085
-48084
-48071
-48065
-48038
-48034
-48030
-48013
-47995
-47983
-47981
-47966
-47960
-47947
-47901
-47893
-47889
-47885
-47870
-47869
-47868
-47827
-47825
-47820
-47789
-47783
-47783
-47767
-47766
-47736
-47725
-47709
-47680
-47665
-47657
-47638
-47631
-47626
-47617
-47608
-47593
-47582
-47577
-47544
-47515
-47505
-47500
-47488
-47484
-47436
-47428
-47427
-47418
-47409
-47404
-47396
-47396
-47394
-47386
-47380
-47372
-47371
-47363
-47338
-47327
-47319
-47317
-47310
-47304
-47291
-47282
-47280
-47280
-47269
-47267
-47264
-47254
-47239
-47232
-47218
-47212
-47203
-47196
-47171
-47170
-47170
-47154
-47152
-47150
-47147
-47147
-47145
-47127
-47124
-47117
-47116
-47091
-47085
-47073
-47067
-47059
-47056
-47043
-47038
-47027
-47012
-46996
-46994
-46993
-46983
-46974
-46969
-46968
-46967
-46961
-46958
-46935
-46929
-46914
-46894
-46889
-46886
-46870
-46866
-46851
-46844
-46837
-46823
-46800
-46789
-46788
-46787
-46778
-46777
-46765
-46761
-46760
-46755
-46735
-46727
-46705
-46700
-46694
-46681
-46662
-46647
-46646
-46642
-46642
-46624
-46608
-46602
-46598
-46592
-46586
-46585
-46557
-46557
-46537
-46522
-46517
-46515
-46506
-46491
-46485
-46468
-46463
-46462
-46458
-46456
-46455
-46452
-46452
-46445
-46425
-46423
-46421
-46405
-46396
-46395
-46380
-46358
-46357
-46320
-46312
-46296
-46293
-46248
-46245
-46243
-46243
-46242
-46240
-46237
-46231
-46217
-46214
-46213
-46197
-46166
-46157
-46156
-46131
-46130
-46100
-46083
-46081
-46072
-46065
-46059
-46057
-46043
-46033
-46023
-46001
-45978
-45943
-45939
-45934
-45931
-45869
-45869
-45867
-45863
-45861
-45855
-45852
-45852
-45841
-45829
-45827
-45803
-45800
-45798
-45788
-45774
-45754
-45748
-45734
-45733
-45718
-45707
-45700
-45692
-45677
-45672
-45671
-45668
-45667
-45665
-45661
-45660
-45636
-45635
-45634
-45628
-45627
-45625
-45604
-45595
-45593
-45592
-45591
-45585
-45580
-45564
-45552
-45539
-45503
-45500
-45499
-45498
-45475
-45473
-45471
-45455
-45441
-45433
-45426
-45407
-45406
-45404
-45402
-45394
-45393
-45388
-45379
-45361
-45358
-45310
-45308
-45302
-45297
-45291
-45290
-45288
-45271
-45271
-45254
-45251
-45224
-45223
-45217
-45210
-45208
-45199
-45194
-45189
-45174
-45159
-45158
-45145
-45135
-45129
-45123
-45098
-45084
-45082
-45070
-45065
-45049
-45048
-45030
-45018
-45004
-44999
-44994
-44982
-44976
-44966
-44954
-44927
-44909
-44902
-44899
-44891
-44876
-44874
-44864
-44864
-44862
-44843
-44828
-44808
-44806
-44792
-44791
-44790
-44790
-44784
-44783
-44780
-44762
-44762
-44738
-44738
-44736
-44702
-44692
-44688
-44685
-44681
-44672
-44651
-44639
-44621
-44612
-44611
-44609
-44609
-44602
-44578
-44578
-44577
-44574
-44560
-44552
-44551
-44547
-44544
-44530
-44530
-44521
-44520
-44514
-44505
-44496
-44483
-44480
-44478
-44471
-44468
-44463
-44448
-44421
-44406
-44366
-44364
-44358
-44351
-44345
-44341
-44340
-44333
-44324
-44309
-44285
-44273
-44269
-44264
-44231
-44229
-44227
-44209
-44197
-44196
-44174
-44166
-44162
-44131
-44129
-44121
-44110
-44071
-44054
-44044
-44033
-44025
-44018
-44016
-44011
-43999
-43993
-43987
-43963
-43949
-43946
-43938
-43920
-43919
-43916
-43913
-43909
-43904
-43883
-43875
-43874
-43870
-43865
-43856
-43828
-43828
-43809
-43807
-43806
-43789
-43782
-43775
-43771
-43769
-43762
-43749
-43742
-43739
-43722
-43715
-43707
-43700
-43695
-43689
-43686
-43679
-43674
-43666
-43653
-43648
-43645
-43624
-43620
-43602
-43601
-43572
-43557
-43545
-43539
-43498
-43497
-43479
-43476
-43475
-43473
-43447
-43434
-43413
-43411
-43394
-43384
-43382
-43380
-43375
-43363
-43363
-43338
-43332
-43330
-43325
-43325
-43316
-43313
-43311
-43287
-43277
-43277
-43275
-43268
-43261
-43260
-43246
-43231
-43231
-43213
-43206
-43201
-43185
-43182
-43147
-43113
-43108
-43099
-43090
-43086
-43085
-43077
-43076
-43055
-43037
-43034
-43027
-43022
-43005
-43005
-43002
-42949
-42917
-42910
-42905
-42900
-42892
-42891
-42887
-42881
-42876
-42867
-42832
-42829
-42828
-42828
-42815
-42814
-42785
-42785
-42782
-42777
-42768
-42759
-42736
-42734
-42731
-42725
-42724
-42676
-42669
-42667
-42654
-42635
-42623
-42604
-42594
-42594
-42593
-42581
-42570
-42567
-42563
-42563
-42558
-42552
-42550
-42529
-42529
-42526
-42524
-42511
-42480
-42471
-42461
-42461
-42460
-42458
-42449
-42446
-42434
-42427
-42417
-42402
-42393
-42393
-42382
-42381
-42379
-42375
-42362
-42355
-42339
-42319
-42318
-42294
-42278
-42269
-42266
-42265
-42263
-42257
-42248
-42228
-42219
-42204
-42200
-42195
-42186
-42153
-42141
-42130
-42118
-42114
-42113
-42109
-42107
-42105
-42103
-42098
-42098
-42094
-42085
-42082
-42039
-42012
-42006
-41998
-41988
-41978
-41966
-41966
-41962
-41929
-41919
-41913
-41912
-41886
-41830
-41826
-41824
-41820
-41791
-41781
-41781
-41780
-41767
-41752
-41751
-41747
-41743
-41742
-41727
-41714
-41714
-41702
-41669
-41663
-41661
-41658
-41656
-41654
-41649
-41648
-41643
-41636
-41628
-41616
-41607
-41596
-41588
-41582
-41582
-41579
-41576
-41564
-41551
-41549
-41542
-41533
-41529
-41528
-41525
-41518
-41517
-41512
-41488
-41485
-41484
-41482
-41481
-41479
-41468
-41452
-41426
-41422
-41398
-41396
-41392
-41380
-41379
-41362
-41359
-41358
-41340
-41328
-41321
-41304
-41303
-41302
-41294
-41293
-41288
-41282
-41273
-41270
-41267
-41258
-41257
-41257
-41249
-41248
-41243
-41232
-41216
-41215
-41213
-41179
-41166
-41164
-41152
-41147
-41139
-41134
-41130
-41096
-41092
-41058
-41053
-41048
-41046
-41045
-41044
-41040
-41037
-41028
-41028
-41019
-40974
-40968
-40961
-40958
-40944
-40925
-40922
-40918
-40915
-40914
-40908
-40908
-40906
-40899
-40888
-40886
-40884
-40879
-40867
-40863
-40862
-40856
-40809
-40803
-40800
-40795
-40788
-40784
-40775
-40765
-40763
-40754
-40753
-40749
-40735
-40733
-40727
-40719
-40708
-40706
-40698
-40685
-40660
-40644
-40632
-40628
-40627
-40623
-40594
-40574
-40574
-40545
-40543
-40537
-40530
-40528
-40527
-40504
-40498
-40497
-40490
-40480
-40479
-40477
-40471
-40463
-40460
-40450
-40446
-40441
-40439
-40438
-40432
-40425
-40420
-40405
-40400
-40394
-40388
-40378
-40363
-40360
-40358
-40347
-40341
-40335
-40334
-40328
-40326
-40314
-40313
-40312
-40302
-40295
-40274
-40269
-40263
-40233
-40225
-40197
-40192
-40172
-40171
-40169
-40163
-40162
-40160
-40125
-40089
-40081
-40080
-40037
-40024
-40020
-40017
-40006
-40000
-39997
-39992
-39989
-39979
-39975
-39962
-39947
-39947
-39945
-39921
-39918
-39910
-39885
-39874
-39856
-39855
-39851
-39841
-39826
-39815
-39806
-39805
-39805
-39804
-39775
-39748
-39744
-39736
-39711
-39710
-39694
-39688
-39672
-39660
-39655
-39651
-39646
-39646
-39636
-39632
-39600
-39588
-39569
-39565
-39538
-39537
-39529
-39525
-39520
-39518
-39514
-39501
-39500
-39471
-39469
-39451
-39443
-39420
-39406
-39383
-39380
-39376
-39372
-39372
-39355
-39349
-39332
-39331
-39328
-39327
-39327
-39322
-39306
-39304
-39303
-39301
-39300
-39290
-39286
-39241
-39231
-39224
-39215
-39212
-39209
-39203
-39170
-39161
-39151
-39140
-39132
-39119
-39118
-39115
-39099
-39089
-39088
-39084
-39083
-39075
-39073
-39052
-39046
-39046
-39033
-39030
-39027
-39017
-39008
-38994
-38970
-38944
-38939
-38938
-38926
-38923
-38906
-38904
-38900
-38897
-38878
-38859
-38858
-38834
-38824
-38817
-38801
-38791
-38777
-38764
-38754
-38751
-38748
-38743
-38741
-38726
-38723
-38681
-38673
-38664
-38663
-38640
-38639
-38638
-38636
-38622
-38619
-38602
-38602
-38598
-38579
-38575
-38560
-38546
-38540
-38494
-38479
-38478
-38449
-38447
-38442
-38438
-38410
-38404
-38403
-38385
-38379
-38336
-38332
-38326
-38307
-38293
-38283
-38282
-38278
-38271
-38270
-38268
-38250
-38246
-38240
-38235
-38209
-38209
-38207
-38207
-38170
-38161
-38129
-38126
-38124
-38109
-38092
-38082
-38076
-38063
-38063
-38061
-38060
-38059
-38055
-38054
-38052
-38046
-38046
-38045
-38043
-38040
-38037
-38010
-37996
-37989
-37964
-37963
-37963
-37940
-37939
-37928
-37907
-37907
-37905
-37903
-37893
-37878
-37871
-37865
-37852
-37842
-37837
-37821
-37810
-37800
-37795
-37768
-37758
-37755
-37751
-37741
-37729
-37728
-37723
-37688
-37675
-37675
-37661
-37658
-37651
-37649
-37648
-37646
-37645
-37637
-37634
-37623
-37619
-37618
-37564
-37548
-37547
-37544
-37533
-37528
-37527
-37514
-37503
-37491
-37487
-37486
-37480
-37470
-37470
-37449
-37447
-37437
-37437
-37426
-37423
-37407
-37406
-37401
-37400
-37400
-37399
-37399
-37398
-37397
-37384
-37384
-37377
-37372
-37370
-37370
-37367
-37349
-37344
-37337
-37331
-37325
-37310
-37301
-37295
-37290
-37277
-37277
-37266
-37252
-37246
-37244
-37242
-37240
-37220
-37190
-37188
-37180
-37178
-37166
-37152
-37132
-37113
-37109
-37094
-37094
-37075
-37073
-37067
-37062
-37055
-37052
-37040
-37039
-37038
-37036
-37026
-37024
-37019
-37010
-37009
-36988
-36984
-36980
-36967
-36950
-36938
-36931
-36931
-36930
-36929
-36917
-36911
-36910
-36908
-36905
-36898
-36897
-36896
-36876
-36858
-36851
-36851
-36848
-36830
-36830
-36828
-36791
-36782
-36764
-36761
-36760
-36748
-36734
-36734
-36727
-36709
-36707
-36701
-36653
-36631
-36625
-36624
-36617
-36614
-36608
-36606
-36585
-36556
-36555
-36553
-36526
-36525
-36506
-36504
-36473
-36467
-36463
-36462
-36449
-36439
-36433
-36424
-36405
-36400
-36392
-36385
-36375
-36367
-36366
-36356
-36351
-36351
-36339
-36331
-36325
-36308
-36258
-36258
-36257
-36253
-36252
-36251
-36249
-36233
-36219
-36211
-36208
-36187
-36174
-36174
-36174
-36169
-36156
-36145
-36136
-36129
-36127
-36127
-36105
-36104
-36103
-36097
-36097
-36096
-36087
-36074
-36063
-36048
-36016
-36014
-36011
-35986
-35981
-35976
-35975
-35974
-35955
-35951
-35930
-35917
-35912
-35902
-35899
-35898
-35889
-35875
-35867
-35858
-35852
-35801
-35800
-35794
-35771
-35766
-35752
-35726
-35691
-35685
-35657
-35638
-35637
-35628
-35622
-35614
-35580
-35577
-35561
-35518
-35507
-35507
-35487
-35485
-35483
-35482
-35457
-35445
-35424
-35411
-35392
-35377
-35372
-35358
-35344
-35342
-35330
-35326
-35320
-35318
-35317
-35316
-35286
-35282
-35282
-35276
-35272
-35256
-35212
-35210
-35209
-35205
-35201
-35201
-35197
-35181
-35158
-35153
-35152
-35138
-35129
-35125
-35123
-35122
-35108
-35100
-35099
-35091
-35076
-35074
-35065
-35059
-35047
-35042
-35038
-35030
-35015
-35010
-35008
-34994
-34985
-34958
-34949
-34929
-34925
-34920
-34912
-34906
-34903
-34897
-34895
-34895
-34886
-34864
-34857
-34856
-34854
-34832
-34819
-34796
-34793
-34785
-34777
-34777
-34773
-34757
-34752
-34748
-34717
-34709
-34704
-34697
-34688
-34669
-34659
-34650
-34640
-34637
-34621
-34608
-34607
-34606
-34594
-34587
-34579
-34575
-34557
-34548
-34545
-34542
-34541
-34534
-34529
-34521
-34517
-34505
-34454
-34438
-34434
-34431
-34407
-34403
-34403
-34400
-34368
-34355
-34354
-34348
-34339
-34337
-34337
-34335
-34334
-34333
-34332
-34316
-34309
-34261
-34255
-34237
-34229
-34229
-34227
-34216
-34211
-34204
-34193
-34192
-34187
-34168
-34165
-34157
-34141
-34131
-34112
-34110
-34107
-34104
-34100
-34079
-34079
-34076
-34071
-34069
-34069
-34068
-34048
-34034
-34027
-34023
-34020
-34015
-34012
-34006
-33996
-33993
-33987
-33975
-33969
-33967
-33967
-33963
-33955
-33950
-33939
-33936
-33923
-33899
-33890
-33887
-33885
-33882
-33882
-33879
-33864
-33859
-33851
-33848
-33836
-33826
-33819
-33801
-33800
-33793
-33776
-33765
-33739
-33717
-33707
-33689
-33673
-33671
-33663
-33660
-33659
-33654
-33615
-33614
-33607
-33603
-33594
-33569
-33566
-33564
-33557
-33554
-33554
-33526
-33520
-33507
-33499
-33489
-33488
-33487
-33468
-33464
-33458
-33433
-33428
-33423
-33367
-33360
-33360
-33356
-33316
-33310
-33303
-33303
-33300
-33297
-33290
-33274
-33270
-33269
-33259
-33230
-33223
-33206
-33206
-33197
-33185
-33181
-33172
-33168
-33156
-33148
-33142
-33141
-33140
-33139
-33137
-33105
-33097
-33063
-33049
-33046
-33046
-33039
-33031
-33025
-33020
-33008
-32991
-32980
-32932
-32932
-32930
-32924
-32913
-32898
-32894
-32887
-32886
-32872
-32864
-32862
-32862
-32836
-32818
-32807
-32801
-32783
-32771
-32766
-32765
-32759
-32749
-32744
-32743
-32726
-32722
-32691
-32686
-32671
-32671
-32671
-32669
-32668
-32654
-32597
-32551
-32548
-32524
-32513
-32511
-32499
-32499
-32488
-32483
-32476
-32470
-32460
-32426
-32412
-32407
-32405
-32389
-32380
-32376
-32361
-32345
-32326
-32325
-32325
-32320
-32318
-32316
-32315
-32305
-32301
-32289
-32265
-32256
-32250
-32250
-32249
-32238
-32222
-32212
-32210
-32198
-32170
-32168
-32153
-32145
-32142
-32135
-32116
-32106
-32086
-32070
-32059
-32043
-32037
-32035
-32026
-32026
-32022
-32010
-32004
-31991
-31990
-31988
-31982
-31977
-31972
-31919
-31909
-31902
-31889
-31878
-31875
-31865
-31833
-31833
-31815
-31814
-31808
-31800
-31800
-31765
-31742
-31732
-31725
-31718
-31710
-31706
-31703
-31703
-31684
-31678
-31677
-31633
-31624
-31618
-31604
-31586
-31560
-31556
-31547
-31546
-31546
-31542
-31533
-31526
-31525
-31513
-31509
-31499
-31491
-31483
-31478
-31468
-31442
-31440
-31440
-31436
-31426
-31422
-31412
-31381
-31370
-31353
-31331
-31328
-31312
-31308
-31306
-31303
-31303
-31298
-31296
-31276
-31268
-31268
-31263
-31254
-31239
-31238
-31231
-31227
-31225
-31224
-31213
-31209
-31208
-31205
-31182
-31180
-31164
-31155
-31151
-31150
-31139
-31137
-31113
-31101
-31099
-31099
-31097
-31081
-31066
-31051
-31024
-31020
-31016
-30997
-30992
-30978
-30974
-30967
-30962
-30954
-30950
-30936
-30935
-30931
-30925
-30922
-30922
-30919
-30898
-30891
-30878
-30864
-30853
-30852
-30846
-30836
-30824
-30812
-30795
-30788
-30777
-30774
-30770
-30750
-30748
-30748
-30745
-30739
-30738
-30731
-30716
-30696
-30688
-30680
-30664
-30663
-30634
-30627
-30622
-30618
-30613
-30612
-30609
-30596
-30591
-30573
-30546
-30545
-30525
-30488
-30475
-30456
-30452
-30441
-30439
-30431
-30378
-30374
-30371
-30361
-30361
-30356
-30330
-30315
-30306
-30299
-30294
-30280
-30274
-30264
-30256
-30253
-30242
-30240
-30227
-30221
-30219
-30214
-30207
-30201
-30195
-30188
-30165
-30144
-30124
-30119
-30097
-30095
-30087
-30051
-30045
-30045
-30044
-30040
-30031
-30027
-30023
-30020
-30009
-30004
-30004
-29999
-29981
-29973
-29972
-29959
-29954
-29924
-29923
-29920
-29917
-29913
-29907
-29903
-29894
-29880
-29854
-29851
-29832
-29831
-29822
-29821
-29797
-29792
-29788
-29758
-29753
-29749
-29746
-29743
-29707
-29707
-29679
-29674
-29660
-29657
-29654
-29644
-29640
-29633
-29631
-29630
-29630
-29627
-29617
-29613
-29612
-29604
-29593
-29571
-29564
-29555
-29553
-29546
-29521
-29519
-29503
-29492
-29486
-29464
-29462
-29460
-29443
-29438
-29428
-29421
-29419
-29419
-29411
-29409
-29405
-29346
-29331
-29323
-29305
-29280
-29256
-29250
-29240
-29238
-29236
-29234
-29217
-29215
-29196
-29193
-29190
-29184
-29178
-29166
-29158
-29154
-29154
-29153
-29148
-29145
-29144
-29140
-29112
-29111
-29110
-29102
-29085
-29080
-29078
-29073
-29067
-29063
-29061
-29017
-29015
-29014
-29000
-28966
-28965
-28962
-28949
-28931
-28908
-28900
-28892
-28885
-28864
-28862
-28856
-28799
-28775
-28772
-28768
-28760
-28750
-28750
-28739
-28712
-28698
-28689
-28679
-28671
-28663
-28657
-28652
-28651
-28647
-28645
-28626
-28610
-28597
-28583
-28564
-28564
-28554
-28540
-28536
-28533
-28521
-28516
-28512
-28505
-28496
-28474
-28468
-28447
-28434
-28421
-28417
-28413
-28405
-28395
-28382
-28380
-28376
-28373
-28370
-28369
-28366
-28334
-28321
-28317
-28294
-28289
-28271
-28269
-28264
-28239
-28216
-28202
-28198
-28180
-28178
-28170
-28163
-28162
-28158
-28129
-28114
-28113
-28078
-28061
-28057
-28049
-28031
-28027
-28025
-28014
-28013
-28012
-28000
-27996
-27986
-27981
-27977
-27973
-27931
-27907
-27894
-27877
-27875
-27871
-27865
-27865
-27863
-27863
-27851
-27851
-27850
-27845
-27838
-27837
-27818
-27815
-27810
-27797
-27780
-27773
-27748
-27727
-27724
-27723
-27712
-27710
-27689
-27684
-27679
-27674
-27658
-27642
-27635
-27622
-27612
-27603
-27591
-27574
-27549
-27539
-27522
-27508
-27497
-27481
-27479
-27476
-27460
-27457
-27443
-27437
-27424
-27410
-27407
-27387
-27384
-27383
-27379
-27378
-27370
-27360
-27348
-27332
-27309
-27305
-27298
-27294
-27287
-27284
-27283
-27282
-27264
-27258
-27238
-27230
-27221
-27208
-27199
-27176
-27169
-27163
-27161
-27159
-27151
-27146
-27142
-27137
-27134
-27124
-27108
-27103
-27100
-27077
-27069
-27060
-27057
-27055
-27052
-27050
-27045
-27042
-27040
-27006
-27000
-26991
-26972
-26951
-26947
-26947
-26939
-26939
-26938
-26932
-26903
-26898
-26881
-26879
-26868
-26867
-26860
-26850
-26845
-26844
-26834
-26821
-26815
-26803
-26801
-26796
-26780
-26760
-26760
-26759
-26756
-26738
-26724
-26718
-26711
-26709
-26704
-26674
-26665
-26639
-26631
-26617
-26611
-26608
-26580
-26565
-26561
-26555
-26542
-26529
-26528
-26513
-26485
-26473
-26455
-26454
-26417
-26407
-26373
-26371
-26371
-26367
-26365
-26348
-26348
-26333
-26318
-26316
-26313
-26307
-26290
-26287
-26278
-26273
-26271
-26269
-26266
-26255
-26255
-26248
-26242
-26237
-26230
-26209
-26197
-26196
-26191
-26190
-26189
-26187
-26181
-26173
-26171
-26168
-26162
-26160
-26153
-26149
-26148
-26147
-26139
-26114
-26109
-26085
-26084
-26066
-26060
-26051
-26042
-26041
-26038
-26026
-26013
-25995
-25934
-25912
-25907
-25906
-25886
-25882
-25882
-25875
-25869
-25867
-25862
-25849
-25840
-25832
-25831
-25815
-25808
-25764
-25760
-25748
-25742
-25733
-25714
-25707
-25705
-25700
-25677
-25676
-25671
-25670
-25658
-25657
-25656
-25654
-25653
-25647
-25642
-25632
-25631
-25630
-25599
-25596
-25591
-25586
-25581
-25576
-25561
-25536
-25528
-25524
-25519
-25518
-25513
-25505
-25488
-25486
-25467
-25456
-25440
-25437
-25434
-25428
-25401
-25401
-25393
-25392
-25384
-25374
-25366
-25358
-25353
-25340
-25339
-25320
-25304
-25293
-25289
-25288
-25287
-25264
-25260
-25259
-25249
-25239
-25232
-25224
-25223
-25204
-25193
-25186
-25178
-25159
-25149
-25148
-25135
-25134
-25091
-25091
-25091
-25084
-25076
-25074
-25064
-25056
-25055
-25045
-25030
-25018
-24976
-24941
-24937
-24916
-24912
-24912
-24904
-24894
-24887
-24885
-24884
-24859
-24845
-24839
-24838
-24811
-24808
-24807
-24768
-24747
-24696
-24687
-24685
-24684
-24670
-24670
-24650
-24631
-24624
-24595
-24589
-24581
-24569
-24560
-24531
-24523
-24512
-24498
-24462
-24454
-24442
-24431
-24419
-24402
-24402
-24382
-24380
-24363
-24335
-24325
-24292
-24292
-24285
-24279
-24275
-24267
-24259
-24235
-24226
-24224
-24216
-24203
-24188
-24187
-24184
-24170
-24140
-24130
-24096
-24096
-24074
-24067
-24043
-24022
-24021
-24011
-24009
-24006
-23993
-23953
-23940
-23935
-23917
-23897
-23870
-23863
-23838
-23825
-23818
-23817
-23813
-23809
-23769
-23757
-23740
-23738
-23724
-23720
-23698
-23697
-23686
-23683
-23681
-23670
-23660
-23656
-23650
-23639
-23636
-23631
-23624
-23620
-23607
-23579
-23561
-23550
-23548
-23545
-23505
-23494
-23478
-23475
-23461
-23458
-23451
-23439
-23438
-23414
-23412
-23410
-23400
-23396
-23393
-23378
-23377
-23375
-23374
-23366
-23355
-23345
-23327
-23323
-23320
-23312
-23306
-23285
-23269
-23265
-23259
-23181
-23175
-23171
-23158
-23148
-23136
-23132
-23095
-23085
-23056
-23035
-23027
-23020
-23015
-23015
-23014
-23013
-23001
-23000
-22985
-22971
-22968
-22960
-22915
-22907
-22901
-22893
-22888
-22887
-22882
-22861
-22861
-22857
-22825
-22824
-22823
-22814
-22809
-22802
-22798
-22790
-22787
-22776
-22775
-22774
-22745
-22718
-22716
-22701
-22697
-22697
-22687
-22680
-22679
-22677
-22677
-22655
-22641
-22638
-22638
-22614
-22605
-22598
-22594
-22586
-22578
-22578
-22565
-22563
-22561
-22552
-22538
-22534
-22530
-22525
-22508
-22499
-22496
-22486
-22478
-22478
-22475
-22472
-22467
-22458
-22456
-22440
-22431
-22427
-22426
-22422
-22405
-22399
-22386
-22380
-22374
-22370
-22367
-22355
-22351
-22350
-22342
-22339
-22320
-22318
-22317
-22311
-22306
-22306
-22282
-22281
-22277
-22266
-22264
-22252
-22250
-22239
-22227
-22227
-22172
-22159
-22154
-22150
-22142
-22140
-22135
-22134
-22133
-22132
-22127
-22110
-22102
-22079
-22046
-22037
-22033
-22028
-22026
-22026
-22001
-21996
-21992
-21952
-21932
-21915
-21901
-21889
-21886
-21878
-21875
-21866
-21864
-21854
-21849
-21839
-21818
-21812
-21811
-21810
-21807
-21781
-21771
-21769
-21767
-21760
-21755
-21750
-21743
-21738
-21728
-21726
-21720
-21693
-21691
-21689
-21679
-21670
-21655
-21654
-21651
-21650
-21648
-21644
-21620
-21591
-21590
-21569
-21564
-21563
-21562
-21549
-21548
-21545
-21539
-21528
-21527
-21524
-21520
-21514
-21508
-21480
-21475
-21471
-21454
-21452
-21448
-21445
-21440
-21436
-21416
-21414
-21410
-21406
-21405
-21374
-21368
-21367
-21364
-21340
-21334
-21329
-21327
-21322
-21316
-21303
-21291
-21258
-21256
-21254
-21247
-21246
-21232
-21228
-21228
-21226
-21218
-21203
-21194
-21189
-21164
-21161
-21133
-21132
-21119
-21102
-21098
-21086
-21085
-21084
-21065
-21064
-21022
-21010
-21010
-21004
-21002
-20989
-20986
-20972
-20971
-20953
-20950
-20943
-20925
-20923
-20917
-20912
-20897
-20896
-20884
-20883
-20883
-20879
-20877
-20871
-20867
-20866
-20860
-20859
-20859
-20859
-20858
-20858
-20856
-20808
-20805
-20790
-20785
-20767
-20763
-20755
-20696
-20693
-20692
-20680
-20666
-20661
-20660
-20653
-20632
-20605
-20605
-20603
-20601
-20592
-20570
-20559
-20555
-20548
-20533
-20521
-20518
-20517
-20486
-20482
-20456
-20448
-20443
-20442
-20420
-20410
-20408
-20400
-20394
-20381
-20362
-20357
-20355
-20351
-20347
-20342
-20342
-20333
-20327
-20295
-20291
-20287
-20280
-20280
-20263
-20263
-20257
-20240
-20227
-20218
-20215
-20215
-20207
-20200
-20188
-20186
-20179
-20169
-20158
-20140
-20132
-20123
-20091
-20078
-20070
-20051
-20047
-20041
-20038
-20036
-20033
-20028
-20027
-20002
-20001
-19998
-19983
-19978
-19978
-19973
-19973
-19963
-19934
-19933
-19931
-19924
-19917
-19904
-19878
-19872
-19848
-19802
-19798
-19789
-19780
-19775
-19770
-19762
-19756
-19738
-19735
-19723
-19718
-19718
-19716
-19714
-19708
-19703
-19681
-19681
-19659
-19653
-19651
-19634
-19626
-19625
-19625
-19612
-19602
-19601
-19594
-19594
-19593
-19589
-19578
-19571
-19570
-19567
-19562
-19559
-19557
-19542
-19540
-19537
-19529
-19515
-19493
-19486
-19476
-19475
-19471
-19468
-19458
-19444
-19439
-19435
-19431
-19426
-19421
-19413
-19411
-19402
-19371
-19301
-19277
-19265
-19260
-19246
-19244
-19233
-19231
-19224
-19223
-19222
-19212
-19205
-19202
-19186
-19185
-19161
-19156
-19155
-19151
-19147
-19132
-19121
-19121
-19120
-19112
-19105
-19104
-19095
-19094
-19094
-19087
-19086
-19082
-19082
-19070
-19065
-19057
-19053
-19046
-19043
-19038
-19036
-18991
-18976
-18964
-18935
-18933
-18931
-18908
-18906
-18901
-18886
-18883
-18864
-18856
-18843
-18838
-18834
-18832
-18822
-18821
-18816
-18803
-18777
-18757
-18750
-18746
-18734
-18717
-18707
-18684
-18682
-18674
-18666
-18660
-18657
-18649
-18638
-18636
-18628
-18620
-18613
-18604
-18576
-18570
-18562
-18555
-18549
-18539
-18537
-18534
-18529
-18528
-18522
-18518
-18516
-18493
-18491
-18486
-18483
-18480
-18476
-18467
-18444
-18437
-18425
-18401
-18383
-18365
-18336
-18312
-18306
-18289
-18286
-18278
-18274
-18270
-18267
-18265
-18263
-18263
-18263
-18215
-18214
-18195
-18191
-18187
-18181
-18179
-18157
-18152
-18127
-18097
-18092
-18085
-18068
-18064
-18063
-18061
-18054
-18046
-18034
-18020
-18010
-18002
-17981
-17978
-17970
-17966
-17964
-17961
-17939
-17935
-17932
-17931
-17913
-17910
-17905
-17892
-17879
-17878
-17868
-17863
-17858
-17846
-17845
-17845
-17838
-17834
-17833
-17826
-17816
-17798
-17785
-17785
-17777
-17761
-17753
-17749
-17746
-17735
-17719
-17718
-17717
-17713
-17706
-17697
-17687
-17665
-17662
-17659
-17638
-17635
-17631
-17629
-17616
-17607
-17599
-17599
-17599
-17587
-17573
-17570
-17568
-17557
-17551
-17521
-17519
-17519
-17504
-17504
-17503
-17488
-17485
-17484
-17484
-17471
-17470
-17465
-17457
-17440
-17414
-17396
-17394
-17386
-17377
-17369
-17363
-17363
-17358
-17344
-17343
-17342
-17339
-17326
-17280
-17272
-17266
-17259
-17236
-17231
-17230
-17225
-17215
-17213
-17211
-17205
-17187
-17182
-17181
-17173
-17169
-17155
-17155
-17146
-17129
-17129
-17124
-17111
-17106
-17103
-17098
-17097
-17094
-17080
-17075
-17073
-17070
-17070
-17056
-17055
-17053
-17049
-17049
-17036
-17029
-17005
-16996
-16995
-16992
-16990
-16985
-16975
-16974
-16946
-16944
-16943
-16931
-16930
-16929
-16915
-16910
-16904
-16900
-16897
-16896
-16886
-16872
-16867
-16857
-16857
-16850
-16842
-16836
-16828
-16821
-16795
-16780
-16770
-16759
-16750
-16750
-16744
-16739
-16723
-16720
-16707
-16680
-16670
-16664
-16641
-16629
-16619
-16618
-16611
-16603
-16599
-16586
-16559
-16556
-16509
-16502
-16463
-16458
-16457
-16456
-16456
-16442
-16433
-16398
-16393
-16390
-16389
-16376
-16376
-16367
-16359
-16331
-16314
-16310
-16309
-16308
-16306
-16306
-16290
-16288
-16233
-16217
-16210
-16210
-16203
-16201
-16200
-16193
-16187
-16186
-16186
-16185
-16182
-16165
-16133
-16116
-16093
-16089
-16076
-16068
-16061
-16052
-16052
-16045
-16044
-16039
-16033
-16026
-15990
-15987
-15986
-15979
-15957
-15947
-15941
-15941
-15931
-15924
-15912
-15906
-15889
-15884
-15870
-15858
-15857
-15851
-15848
-15836
-15833
-15833
-15831
-15823
-15813
-15813
-15803
-15796
-15776
-15767
-15761
-15759
-15739
-15738
-15724
-15720
-15688
-15663
-15623
-15616
-15614
-15591
-15586
-15564
-15554
-15548
-15534
-15493
-15480
-15478
-15474
-15461
-15458
-15448
-15446
-15440
-15432
-15425
-15413
-15398
-15388
-15377
-15370
-15354
-15336
-15336
-15328
-15322
-15319
-15316
-15315
-15310
-15303
-15294
-15286
-15274
-15252
-15246
-15241
-15239
-15235
-15228
-15221
-15210
-15195
-15194
-15187
-15182
-15165
-15152
-15151
-15124
-15112
-15104
-15102
-15097
-15083
-15077
-15062
-15046
-15044
-15039
-15025
-15016
-15013
-14994
-14991
-14969
-14963
-14962
-14955
-14942
-14937
-14932
-14925
-14907
-14902
-14891
-14883
-14882
-14880
-14857
-14850
-14843
-14830
-14829
-14816
-14802
-14800
-14795
-14775
-14770
-14761
-14733
-14731
-14723
-14721
-14704
-14691
-14686
-14683
-14680
-14652
-14632
-14618
-14610
-14584
-14580
-14572
-14555
-14554
-14532
-14526
-14517
-14515
-14511
-14466
-14438
-14435
-14431
-14430
-14422
-14413
-14408
-14403
-14400
-14390
-14379
-14367
-14366
-14357
-14355
-14351
-14346
-14337
-14329
-14324
-14320
-14319
-14314
-14313
-14312
-14302
-14297
-14292
-14287
-14273
-14272
-14270
-14265
-14258
-14257
-14226
-14223
-14220
-14197
-14196
-14195
-14193
-14193
-14186
-14183
-14174
-14168
-14167
-14164
-14152
-14144
-14130
-14128
-14128
-14103
-14100
-14094
-14069
-14067
-14066
-14065
-14062
-14058
-14044
-14043
-14040
-14031
-14031
-14013
-14011
-14006
-13998
-13993
-13977
-13972
-13949
-13946
-13945
-13944
-13943
-13929
-13916
-13914
-13912
-13907
-13893
-13871
-13857
-13849
-13827
-13813
-13809
-13801
-13791
-13784
-13776
-13753
-13746
-13744
-13741
-13738
-13730
-13730
-13722
-13719
-13718
-13712
-13710
-13708
-13698
-13690
-13683
-13674
-13668
-13667
-13660
-13658
-13652
-13647
-13633
-13624
-13602
-13588
-13569
-13566
-13560
-13559
-13529
-13487
-13483
-13471
-13470
-13461
-13446
-13442
-13439
-13436
-13416
-13412
-13407
-13390
-13375
-13364
-13357
-13354
-13349
-13343
-13339
-13339
-13333
-13331
-13326
-13319
-13308
-13305
-13303
-13290
-13288
-13285
-13281
-13271
-13259
-13255
-13252
-13239
-13239
-13197
-13192
-13172
-13123
-13121
-13120
-13109
-13104
-13095
-13091
-13087
-13087
-13082
-13068
-13067
-13059
-13046
-13046
-13030
-13023
-13019
-13017
-12994
-12991
-12988
-12985
-12970
-12942
-12915
-12911
-12908
-12906
-12906
-12901
-12900
-12896
-12896
-12884
-12880
-12875
-12848
-12846
-12838
-12834
-12832
-12828
-12826
-12823
-12821
-12816
-12814
-12812
-12805
-12789
-12782
-12779
-12760
-12744
-12743
-12727
-12722
-12717
-12699
-12690
-12680
-12658
-12650
-12639
-12621
-12611
-12611
-12598
-12597
-12576
-12570
-12564
-12543
-12537
-12528
-12518
-12512
-12510
-12504
-12496
-12474
-12472
-12460
-12459
-12453
-12446
-12429
-12428
-12427
-12416
-12409
-12396
-12388
-12368
-12367
-12364
-12359
-12358
-12358
-12357
-12355
-12340
-12337
-12330
-12308
-12308
-12306
-12306
-12303
-12291
-12291
-12284
-12267
-12248
-12242
-12237
-12234
-12231
-12222
-12217
-12217
-12204
-12201
-12196
-12186
-12180
-12169
-12168
-12158
-12149
-12148
-12136
-12128
-12127
-12104
-12100
-12092
-12088
-12081
-12080
-12063
-12054
-12051
-12051
-12041
-12041
-12041
-12037
-12027
-12025
-12016
-12013
-11993
-11987
-11978
-11976
-11969
-11964
-11942
-11936
-11906
-11906
-11904
-11898
-11896
-11881
-11875
-11857
-11843
-11827
-11821
-11805
-11805
-11805
-11788
-11760
-11749
-11730
-11719
-11718
-11704
-11701
-11689
-11687
-11672
-11653
-11649
-11648
-11633
-11620
-11608
-11605
-11592
-11561
-11550
-11532
-11523
-11496
-11488
-11484
-11481
-11462
-11462
-11461
-11455
-11451
-11437
-11426
-11426
-11423
-11423
-11400
-11399
-11393
-11363
-11361
-11346
-11340
-11306
-11299
-11296
-11238
-11235
-11231
-11230
-11222
-11213
-11204
-11203
-11199
-11184
-11184
-11182
-11180
-11168
-11154
-11146
-11135
-11135
-11134
-11113
-11107
-11064
-11055
-11050
-11044
-11017
-11017
-11012
-10997
-10987
-10976
-10971
-10958
-10957
-10954
-10951
-10941
-10931
-10924
-10920
-10907
-10893
-10890
-10879
-10851
-10850
-10844
-10843
-10836
-10835
-10834
-10815
-10814
-10792
-10788
-10786
-10784
-10756
-10736
-10734
-10727
-10699
-10695
-10687
-10686
-10657
-10654
-10631
-10622
-10612
-10607
-10586
-10581
-10577
-10567
-10558
-10545
-10540
-10537
-10529
-10527
-10522
-10518
-10501
-10497
-10490
-10480
-10444
-10441
-10441
-10435
-10427
-10419
-10418
-10413
-10403
-10391
-10388
-10386
-10382
-10358
-10322
-10302
-10302
-10296
-10278
-10266
-10266
-10261
-10253
-10249
-10242
-10233
-10225
-10208
-10203
-10198
-10192
-10180
-10161
-10156
-10155
-10146
-10141
-10138
-10137
-10135
-10134
-10129
-10126
-10122
-10107
-10099
-10096
-10094
-10091
-10087
-10079
-10074
-10067
-10066
-10061
-10058
-10057
-10035
-10035
-9999
-9990
-9984
-9981
-9976
-9973
-9962
-9940
-9940
-9917
-9908
-9898
-9889
-9883
-9879
-9848
-9846
-9846
-9845
-9838
-9836
-9829
-9821
-9819
-9816
-9812
-9794
-9792
-9786
-9771
-9770
-9758
-9748
-9732
-9725
-9717
-9712
-9706
-9702
-9701
-9646
-9642
-9641
-9637
-9633
-9632
-9630
-9623
-9599
-9592
-9582
-9573
-9538
-9533
-9533
-9505
-9472
-9471
-9469
-9466
-9446
-9437
-9417
-9404
-9395
-9392
-9390
-9363
-9356
-9354
-9347
-9346
-9337
-9326
-9323
-9323
-9318
-9313
-9312
-9311
-9310
-9300
-9294
-9292
-9280
-9263
-9250
-9231
-9226
-9218
-9207
-9204
-9200
-9196
-9183
-9178
-9175
-9173
-9172
-9169
-9156
-9146
-9137
-9133
-9125
-9122
-9117
-9111
-9098
-9092
-9076
-9069
-9068
-9036
-9030
-9025
-9019
-9015
-9015
-9009
-9006
-8987
-8983
-8981
-8967
-8966
-8954
-8950
-8945
-8935
-8926
-8907
-8900
-8894
-8892
-8882
-8873
-8871
-8868
-8865
-8857
-8851
-8849
-8844
-8825
-8805
-8804
-8795
-8794
-8773
-8769
-8767
-8749
-8741
-8730
-8713
-8690
-8685
-8674
-8650
-8610
-8605
-8592
-8589
-8581
-8578
-8566
-8520
-8520
-8505
-8486
-8482
-8472
-8460
-8458
-8444
-8443
-8432
-8432
-8429
-8425
-8416
-8401
-8399
-8399
-8370
-8364
-8361
-8348
-8342
-8342
-8341
-8338
-8317
-8305
-8296
-8289
-8286
-8286
-8285
-8282
-8267
-8258
-8210
-8187
-8184
-8137
-8124
-8109
-8096
-8092
-8088
-8086
-8086
-8079
-8077
-8074
-8067
-8064
-8051
-8044
-8044
-8043
-8027
-8017
-8014
-8013
-7993
-7992
-7991
-7990
-7978
-7974
-7963
-7943
-7935
-7934
-7901
-7900
-7891
-7886
-7881
-7856
-7851
-7842
-7839
-7834
-7820
-7814
-7803
-7795
-7774
-7772
-7766
-7760
-7750
-7749
-7732
-7724
-7695
-7689
-7679
-7669
-7668
-7661
-7658
-7632
-7610
-7590
-7588
-7583
-7579
-7555
-7514
-7503
-7496
-7487
-7484
-7482
-7480
-7464
-7452
-7440
-7435
-7433
-7425
-7421
-7420
-7402
-7395
-7393
-7392
-7390
-7367
-7343
-7342
-7342
-7342
-7317
-7312
-7227
-7210
-7209
-7208
-7205
-7189
-7184
-7170
-7138
-7134
-7132
-7127
-7125
-7124
-7120
-7117
-7103
-7092
-7092
-7090
-7089
-7061
-7059
-7054
-7045
-7039
-7035
-7031
-7024
-6994
-6992
-6991
-6979
-6976
-6930
-6918
-6897
-6871
-6863
-6851
-6838
-6804
-6776
-6766
-6751
-6750
-6745
-6706
-6704
-6667
-6634
-6603
-6597
-6582
-6562
-6556
-6547
-6528
-6526
-6525
-6515
-6511
-6508
-6494
-6489
-6483
-6483
-6477
-6456
-6421
-6419
-6419
-6400
-6392
-6389
-6388
-6387
-6383
-6379
-6371
-6358
-6354
-6351
-6351
-6347
-6339
-6324
-6318
-6318
-6310
-6297
-6289
-6288
-6280
-6271
-6265
-6257
-6244
-6231
-6217
-6207
-6203
-6194
-6185
-6182
-6182
-6164
-6164
-6161
-6146
-6144
-6132
-6116
-6116
-6113
-6083
-6069
-6045
-6045
-6039
-6035
-6034
-6013
-6003
-6003
-5999
-5995
-5959
-5936
-5900
-5889
-5857
-5845
-5844
-5841
-5834
-5829
-5829
-5826
-5825
-5817
-5800
-5799
-5797
-5795
-5791
-5779
-5777
-5773
-5760
-5759
-5753
-5749
-5716
-5694
-5664
-5662
-5654
-5651
-5647
-5639
-5638
-5633
-5595
-5593
-5589
-5542
-5535
-5509
-5505
-5505
-5498
-5491
-5458
-5442
-5434
-5431
-5423
-5422
-5391
-5388
-5386
-5356
-5355
-5343
-5323
-5320
-5319
-5302
-5301
-5299
-5296
-5252
-5205
-5198
-5190
-5176
-5153
-5147
-5146
-5137
-5134
-5125
-5121
-5117
-5111
-5111
-5098
-5086
-5083
-5076
-5050
-5047
-5044
-5023
-4975
-4966
-4961
-4952
-4950
-4930
-4921
-4890
-4878
-4852
-4845
-4837
-4827
-4825
-4819
-4789
-4775
-4755
-4752
-4750
-4749
-4741
-4736
-4731
-4722
-4720
-4712
-4705
-4702
-4689
-4677
-4671
-4668
-4659
-4652
-4644
-4641
-4638
-4597
-4589
-4581
-4571
-4548
-4546
-4536
-4530
-4530
-4523
-4490
-4478
-4476
-4475
-4464
-4452
-4436
-4429
-4412
-4403
-4397
-4392
-4378
-4372
-4362
-4336
-4318
-4311
-4296
-4295
-4286
-4272
-4270
-4268
-4255
-4255
-4254
-4245
-4210
-4193
-4188
-4185
-4173
-4172
-4165
-4161
-4127
-4112
-4091
-4088
-4056
-4042
-4033
-4019
-4004
-4000
-3996
-3994
-3986
-3984
-3981
-3974
-3943
-3936
-3935
-3924
-3901
-3898
-3873
-3860
-3845
-3813
-3813
-3812
-3808
-3794
-3781
-3774
-3771
-3770
-3769
-3749
-3736
-3728
-3725
-3724
-3713
-3703
-3684
-3677
-3655
-3655
-3654
-3653
-3649
-3649
-3646
-3639
-3628
-3612
-3593
-3566
-3554
-3553
-3551
-3548
-3524
-3521
-3483
-3477
-3475
-3446
-3439
-3439
-3439
-3433
-3427
-3423
-3406
-3403
-3402
-3401
-3395
-3387
-3386
-3383
-3382
-3381
-3374
-3371
-3363
-3356
-3354
-3354
-3339
-3337
-3331
-3327
-3327
-3325
-3324
-3294
-3288
-3235
-3234
-3231
-3230
-3202
-3202
-3197
-3174
-3170
-3159
-3157
-3157
-3152
-3149
-3145
-3141
-3128
-3127
-3113
-3083
-3081
-3077
-3077
-3065
-3053
-3045
-3045
-3041
-3031
-3028
-3014
-3012
-3011
-2993
-2986
-2981
-2975
-2967
-2965
-2963
-2953
-2949
-2934
-2922
-2898
-2883
-2869
-2860
-2857
-2851
-2849
-2838
-2835
-2835
-2822
-2817
-2807
-2797
-2788
-2767
-2765
-2744
-2712
-2695
-2689
-2666
-2662
-2660
-2654
-2653
-2652
-2646
-2641
-2627
-2623
-2622
-2600
-2596
-2593
-2593
-2588
-2579
-2577
-2574
-2555
-2549
-2549
-2529
-2528
-2518
-2518
-2518
-2509
-2503
-2478
-2467
-2462
-2451
-2447
-2439
-2437
-2416
-2400
-2397
-2396
-2391
-2385
-2382
-2372
-2363
-2357
-2332
-2320
-2316
-2300
-2291
-2291
-2289
-2287
-2280
-2275
-2256
-2252
-2225
-2219
-2218
-2215
-2199
-2184
-2179
-2161
-2159
-2137
-2136
-2133
-2127
-2126
-2125
-2118
-2115
-2088
-2081
-2080
-2067
-2055
-2046
-2031
-2026
-2017
-2011
-2000
-1994
-1970
-1968
-1967
-1908
-1899
-1897
-1890
-1879
-1877
-1875
-1843
-1843
-1828
-1802
-1787
-1785
-1775
-1760
-1754
-1753
-1744
-1737
-1725
-1717
-1715
-1702
-1692
-1687
-1685
-1660
-1655
-1635
-1629
-1626
-1616
-1614
-1607
-1601
-1599
-1598
-1597
-1593
-1585
-1582
-1570
-1557
-1556
-1536
-1535
-1534
-1528
-1522
-1520
-1516
-1467
-1461
-1450
-1432
-1428
-1414
-1411
-1394
-1380
-1373
-1358
-1354
-1350
-1327
-1325
-1317
-1309
-1309
-1307
-1300
-1292
-1290
-1286
-1278
-1271
-1266
-1263
-1253
-1229
-1212
-1205
-1162
-1154
-1154
-1135
-1107
-1104
-1101
-1101
-1081
-1067
-1063
-1057
-1050
-1050
-1048
-1017
-1009
-1005
-1004
-1003
-1000
-972
-957
-951
-937
-928
-921
-921
-919
-916
-916
-898
-896
-893
-887
-882
-880
-870
-869
-865
-857
-851
-848
-843
-837
-819
-808
-798
-789
-783
-775
-771
-722
-715
-701
-693
-680
-667
-664
-662
-625
-614
-603
-593
-538
-520
-519
-517
-513
-508
-497
-478
-468
-452
-451
-450
-448
-429
-427
-421
-416
-412
-401
-399
-389
-384
-376
-362
-354
-346
-336
-335
-324
-317
-305
-297
-296
-280
-276
-250
-233
-231
-231
-223
-219
-217
-193
-186
-184
-160
-155
-150
-134
-131
-111
-107
-95
-91
-86
-67
-58
-52
-48
-37
-36
-33
-26
-11
-10
-7
-7
-1
8
27
43
82
94
102
107
111
112
125
132
158
163
171
190
193
213
215
216
220
241
249
251
254
271
276
277
287
293
313
320
327
363
364
369
371
385
395
419
422
433
450
459
468
480
483
494
500
500
515
528
534
555
586
587
591
614
619
623
634
638
638
655
655
658
663
668
680
681
682
685
687
705
706
752
770
781
786
797
798
810
818
840
842
852
857
866
871
891
896
899
899
904
919
925
926
935
937
945
961
962
964
969
987
1006
1015
1025
1038
1043
1043
1057
1067
1071
1079
1084
1086
1091
1091
1096
1100
1106
1115
1117
1124
1142
1147
1166
1166
1167
1173
1177
1190
1191
1199
1203
1206
1240
1249
1270
1273
1305
1314
1318
1319
1320
1323
1331
1334
1344
1350
1351
1367
1388
1401
1421
1433
1457
1486
1497
1508
1524
1526
1528
1535
1540
1542
1559
1572
1573
1583
1587
1602
1604
1612
1619
1638
1640
1645
1653
1657
1659
1660
1676
1677
1710
1718
1733
1734
1748
1780
1780
1785
1787
1807
1813
1813
1815
1817
1827
1840
1843
1845
1853
1858
1858
1883
1896
1910
1916
1929
1935
1937
1939
1942
1944
1949
1964
1969
1987
2014
2030
2031
2058
2066
2077
2077
2079
2091
2104
2105
2112
2114
2123
2129
2132
2143
2146
2154
2160
2179
2184
2198
2211
2224
2230
2238
2248
2270
2286
2302
2310
2325
2328
2334
2347
2353
2360
2362
2363
2375
2384
2385
2390
2391
2399
2403
2414
2414
2424
2445
2452
2485
2500
2510
2525
2529
2535
2552
2558
2574
2578
2581
2585
2603
2604
2621
2623
2635
2641
2648
2676
2702
2708
2729
2729
2759
2762
2775
2775
2812
2826
2829
2837
2848
2848
2851
2853
2853
2856
2859
2860
2863
2869
2870
2874
2890
2894
2920
2930
2931
2944
2953
2972
2976
2995
3022
3051
3064
3066
3069
3084
3092
3099
3136
3148
3152
3155
3164
3167
3167
3183
3196
3207
3227
3234
3240
3246
3247
3248
3269
3279
3284
3284
3298
3302
3323
3331
3340
3353
3355
3355
3366
3368
3370
3376
3379
3395
3411
3432
3435
3451
3454
3464
3477
3480
3490
3496
3501
3503
3518
3518
3525
3527
3535
3542
3545
3595
3599
3605
3626
3627
3635
3638
3675
3679
3680
3681
3685
3686
3691
3710
3710
3711
3721
3742
3743
3773
3773
3779
3782
3786
3792
3811
3817
3833
3844
3844
3890
3903
3937
3938
3942
3963
3983
3987
3991
4000
4005
4005
4024
4024
4028
4039
4040
4055
4064
4072
4075
4084
4099
4099
4102
4104
4110
4115
4136
4143
4146
4159
4180
4183
4204
4211
4223
4227
4228
4229
4256
4257
4258
4261
4265
4271
4279
4286
4291
4306
4308
4311
4317
4380
4391
4416
4418
4418
4421
4424
4439
4451
4460
4460
4472
4474
4478
4490
4490
4490
4497
4499
4501
4503
4521
4533
4539
4562
4567
4572
4597
4618
4625
4627
4640
4641
4643
4647
4660
4668
4668
4670
4676
4677
4679
4686
4710
4713
4718
4722
4723
4729
4732
4734
4748
4748
4764
4766
4772
4786
4791
4793
4798
4804
4818
4828
4830
4836
4846
4847
4859
4859
4864
4865
4871
4877
4897
4918
4935
4936
4938
4942
4979
4996
5000
5003
5004
5013
5014
5021
5023
5027
5048
5054
5061
5067
5099
5100
5104
5113
5129
5132
5146
5148
5156
5164
5166
5174
5177
5191
5198
5205
5206
5212
5215
5217
5232
5236
5248
5257
5257
5266
5270
5289
5291
5295
5296
5296
5311
5317
5327
5331
5352
5354
5367
5378
5444
5444
5451
5457
5480
5484
5490
5499
5507
5512
5513
5526
5545
5556
5583
5610
5611
5614
5615
5618
5628
5649
5658
5660
5661
5661
5671
5688
5688
5722
5746
5783
5784
5787
5801
5811
5813
5817
5819
5820
5823
5827
5836
5838
5846
5886
5894
5898
5932
5934
5935
5943
5954
5960
5984
5988
5990
6029
6039
6045
6050
6053
6057
6073
6077
6077
6083
6122
6132
6139
6145
6146
6148
6179
6183
6201
6210
6213
6216
6217
6217
6236
6241
6246
6246
6257
6263
6280
6282
6292
6312
6330
6338
6358
6367
6382
6384
6386
6394
6427
6431
6435
6441
6451
6460
6475
6495
6498
6503
6511
6541
6571
6572
6575
6578
6579
6580
6580
6585
6613
6667
6679
6686
6702
6706
6718
6726
6729
6729
6736
6751
6756
6756
6756
6760
6767
6809
6819
6832
6838
6839
6844
6859
6864
6866
6879
6882
6900
6905
6908
6924
6928
6934
6936
6940
6951
6954
6965
6978
6983
6989
6989
6992
7004
7010
7022
7022
7033
7047
7064
7074
7080
7105
7117
7118
7119
7128
7141
7152
7152
7158
7164
7171
7174
7183
7184
7190
7213
7219
7219
7220
7230
7234
7238
7253
7297
7300
7310
7344
7358
7365
7380
7381
7394
7398
7402
7425
7426
7435
7437
7439
7460
7467
7497
7499
7509
7514
7531
7563
7569
7573
7574
7597
7601
7609
7623
7623
7638
7646
7655
7655
7656
7668
7673
7690
7693
7699
7707
7711
7745
7758
7759
7769
7780
7782
7782
7795
7806
7809
7810
7816
7840
7855
7856
7857
7866
7889
7889
7898
7902
7904
7919
7926
7926
7931
7946
7953
7960
7963
7964
7969
7971
7979
8006
8007
8009
8019
8022
8022
8032
8036
8037
8041
8049
8051
8060
8072
8077
8080
8084
8084
8105
8126
8132
8156
8168
8176
8180
8188
8198
8210
8213
8217
8229
8250
8255
8264
8276
8289
8300
8303
8307
8310
8319
8327
8356
8360
8378
8387
8389
8395
8433
8440
8499
8502
8506
8512
8513
8518
8519
8551
8553
8553
8574
8576
8582
8584
8595
8633
8644
8645
8650
8651
8671
8685
8701
8705
8712
8713
8722
8724
8726
8728
8728
8732
8781
8784
8787
8792
8794
8816
8877
8877
8888
8888
8893
8896
8901
8919
8920
8923
8925
8946
8959
8975
8977
8990
9015
9018
9022
9045
9063
9065
9075
9076
9088
9088
9091
9096
9099
9109
9133
9137
9143
9154
9156
9174
9180
9183
9183
9186
9200
9238
9246
9255
9255
9259
9264
9268
9276
9276
9286
9298
9302
9317
9333
9336
9341
9343
9356
9360
9365
9379
9392
9408
9411
9431
9435
9452
9470
9470
9474
9483
9492
9493
9510
9531
9566
9571
9573
9583
9586
9595
9596
9602
9614
9631
9635
9638
9640
9647
9655
9656
9659
9678
9693
9697
9714
9726
9733
9740
9748
9748
9756
9775
9806
9835
9868
9873
9880
9898
9906
9907
9927
9928
9929
9935
9948
9952
9956
9961
9962
9969
9988
9989
10002
10032
10033
10040
10047
10053
10068
10075
10083
10109
10114
10122
10123
10129
10147
10186
10187
10200
10237
10268
10269
10278
10306
10308
10321
10334
10335
10353
10354
10364
10383
10386
10396
10399
10410
10419
10424
10435
10441
10458
10460
10461
10467
10468
10468
10469
10475
10484
10486
10489
10505
10514
10519
10522
10550
10565
10569
10569
10583
10585
10598
10610
10620
10622
10629
10630
10638
10642
10643
10643
10658
10664
10679
10691
10691
10700
10700
10719
10724
10727
10740
10744
10748
10748
10769
10787
10843
10851
10858
10863
10867
10874
10890
10892
10898
10903
10905
10915
10924
10926
10926
10935
10948
10952
10979
10983
10983
10987
11001
11011
11016
11016
11023
11038
11040
11044
11054
11056
11069
11075
11089
11091
11092
11098
11104
11111
11117
11120
11120
11171
11177
11180
11185
11186
11188
11206
11216
11238
11241
11269
11272
11277
11280
11290
11293
11302
11321
11341
11353
11354
11355
11361
11363
11369
11380
11380
11391
11396
11417
11423
11439
11441
11444
11448
11452
11453
11454
11472
11500
11509
11518
11523
11528
11531
11540
11542
11543
11545
11551
11558
11565
11570
11573
11582
11583
11583
11586
11612
11633
11634
11647
11662
11675
11678
11702
11712
11713
11714
11716
11718
11719
11728
11731
11734
11746
11746
11747
11748
11762
11777
11779
11790
11791
11808
11819
11824
11840
11865
11869
11870
11877
11880
11904
11905
11914
11933
11933
11938
11943
11951
11955
11959
11960
11961
11970
11973
11977
11994
11996
12010
12048
12049
12065
12069
12070
12095
12100
12101
12105
12111
12112
12124
12126
12132
12154
12160
12167
12183
12183
12201
12212
12214
12219
12229
12232
12236
12239
12240
12249
12292
12301
12311
12326
12342
12343
12349
12354
12367
12373
12376
12381
12389
12390
12398
12409
12419
12434
12443
12448
12463
12466
12477
12483
12490
12506
12536
12545
12557
12571
12575
12603
12608
12611
12617
12622
12635
12637
12647
12647
12663
12669
12673
12693
12717
12717
12719
12738
12745
12746
12750
12753
12760
12762
12763
12767
12787
12788
12804
12828
12830
12833
12833
12834
12834
12840
12862
12870
12873
12874
12876
12886
12890
12892
12897
12903
12913
12915
12935
12940
12947
12947
12976
12982
12994
13003
13025
13030
13033
13061
13062
13071
13074
13079
13083
13112
13123
13125
13135
13139
13146
13149
13153
13169
13173
13190
13193
13194
13207
13209
13210
13215
13227
13227
13246
13252
13255
13278
13304
13307
13313
13320
13320
13357
13384
13385
13387
13388
13405
13425
13428
13431
13490
13491
13493
13496
13500
13505
13509
13511
13519
13524
13538
13545
13561
13561
13576
13589
13590
13601
13609
13609
13618
13625
13629
13635
13647
13662
13680
13689
13698
13715
13716
13721
13726
13748
13758
13763
13768
13789
13797
13798
13800
13806
13813
13819
13830
13834
13845
13847
13850
13859
13865
13878
13878
13879
13898
13900
13915
13921
13932
13934
13939
13940
13943
13945
13951
13987
13992
14003
14017
14022
14024
14030
14032
14034
14041
14047
14047
14062
14068
14068
14074
14078
14079
14080
14085
14086
14093
14098
14107
14120
14127
14128
14130
14134
14159
14182
14182
14203
14215
14216
14228
14231
14232
14233
14236
14250
14252
14254
14281
14281
14289
14300
14317
14318
14337
14367
14378
14382
14390
14421
14434
14446
14476
14482
14491
14504
14520
14527
14535
14548
14549
14550
14550
14551
14558
14567
14580
14594
14614
14618
14619
14649
14650
14650
14650
14655
14676
14688
14695
14716
14728
14755
14764
14775
14777
14781
14787
14803
14811
14815
14840
14851
14858
14860
14927
14960
14961
14991
14991
14994
15002
15051
15067
15089
15090
15108
15117
15126
15126
15130
15131
15151
15170
15171
15175
15179
15180
15181
15202
15212
15222
15247
15260
15267
15270
15274
15277
15282
15288
15318
15342
15348
15353
15356
15364
15366
15377
15392
15394
15408
15428
15440
15441
15458
15481
15485
15485
15485
15491
15503
15513
15516
15519
15541
15554
15561
15571
15573
15577
15586
15593
15593
15604
15656
15690
15712
15718
15723
15729
15731
15739
15751
15755
15758
15774
15779
15787
15792
15808
15811
15814
15815
15823
15827
15831
15844
15847
15847
15855
15860
15860
15860
15867
15872
15874
15879
15882
15886
15908
15913
15924
15930
15930
15942
15945
15980
15980
15981
15990
16003
16005
16024
16029
16041
16088
16092
16094
16099
16111
16149
16152
16174
16186
16190
16212
16212
16239
16241
16249
16259
16260
16261
16265
16266
16290
16293
16296
16297
16298
16304
16305
16308
16319
16323
16346
16350
16360
16362
16363
16365
16367
16391
16405
16405
16408
16424
16428
16435
16436
16439
16443
16458
16475
16478
16489
16495
16501
16506
16511
16514
16515
16518
16530
16539
16542
16545
16559
16564
16566
16568
16583
16590
16592
16595
16599
16610
16632
16646
16646
16662
16663
16664
16676
16689
16689
16702
16707
16711
16712
16732
16743
16757
16761
16764
16774
16775
16782
16791
16808
16813
16842
16843
16846
16850
16856
16859
16865
16867
16870
16874
16876
16880
16886
16899
16900
16912
16918
16918
16927
16935
16937
16951
16953
16955
16956
16982
16985
16988
16991
17006
17013
17019
17019
17021
17028
17043
17051
17055
17060
17087
17087
17094
17101
17106
17107
17108
17127
17138
17141
17142
17146
17149
17163
17164
17174
17178
17187
17187
17188
17199
17201
17209
17217
17218
17219
17236
17237
17262
17264
17267
17278
17283
17301
17309
17311
17323
17328
17345
17362
17365
17373
17379
17381
17384
17384
17388
17394
17406
17419
17420
17423
17440
17487
17493
17499
17502
17509
17510
17520
17527
17530
17530
17532
17536
17557
17557
17572
17575
17580
17581
17585
17589
17594
17595
17598
17602
17602
17603
17605
17612
17625
17626
17635
17638
17639
17658
17684
17688
17690
17692
17696
17696
17707
17710
17719
17724
17725
17729
17734
17769
17775
17776
17806
17810
17817
17824
17832
17846
17848
17859
17862
17877
17880
17885
17900
17920
17930
17937
17946
17964
17967
17972
17977
17992
17997
17999
18002
18009
18024
18039
18051
18052
18055
18070
18073
18100
18117
18129
18131
18134
18143
18144
18144
18146
18163
18165
18169
18177
18189
18193
18196
18199
18208
18220
18227
18229
18231
18235
18236
18243
18252
18270
18282
18288
18306
18318
18326
18326
18330
18332
18337
18352
18355
18356
18363
18381
18401
18403
18404
18405
18407
18423
18428
18433
18444
18470
18470
18472
18496
18496
18508
18510
18516
18537
18538
18541
18559
18560
18569
18572
18580
18582
18593
18600
18604
18607
18607
18616
18625
18640
18664
18674
18678
18682
18696
18701
18759
18763
18780
18798
18804
18830
18844
18851
18853
18857
18867
18900
18900
18900
18914
18918
18919
18922
18925
18930
18931
18931
18931
18933
18934
18937
18948
18950
18953
18963
18964
18976
19000
19003
19009
19025
19036
19038
19060
19071
19076
19090
19107
19147
19155
19168
19168
19174
19177
19191
19194
19206
19208
19243
19248
19252
19253
19256
19262
19270
19283
19290
19293
19298
19303
19311
19312
19318
19327
19330
19332
19357
19359
19367
19369
19371
19376
19377
19379
19411
19424
19424
19424
19432
19495
19498
19507
19529
19530
19543
19547
19548
19554
19556
19560
19565
19569
19569
19575
19601
19612
19623
19636
19680
19689
19695
19707
19708
19713
19718
19727
19737
19746
19752
19757
19758
19767
19770
19780
19783
19790
19797
19807
19812
19839
19851
19868
19875
19894
19897
19899
19904
19906
19911
19925
19947
19950
19959
19960
19968
19971
19973
19982
19982
19988
19994
20009
20022
20025
20027
20039
20060
20063
20067
20072
20079
20088
20093
20098
20128
20134
20144
20147
20147
20174
20184
20189
20190
20196
20200
20214
20216
20250
20251
20276
20284
20306
20309
20323
20331
20336
20340
20374
20377
20379
20380
20381
20390
20408
20413
20414
20416
20421
20424
20429
20429
20431
20434
20450
20453
20459
20463
20468
20482
20522
20546
20564
20577
20578
20583
20603
20605
20610
20616
20625
20629
20631
20639
20651
20652
20660
20676
20680
20684
20689
20707
20715
20731
20733
20747
20755
20756
20763
20769
20780
20789
20799
20824
20829
20829
20854
20855
20855
20873
20911
20912
20913
20919
20937
20942
20962
20977
20995
21003
21034
21036
21043
21046
21057
21057
21063
21097
21099
21109
21113
21114
21118
21120
21123
21128
21135
21147
21147
21147
21158
21173
21180
21195
21200
21204
21210
21216
21223
21223
21224
21236
21247
21261
21272
21281
21283
21297
21306
21311
21314
21326
21337
21343
21350
21357
21361
21386
21395
21404
21413
21419
21421
21422
21427
21439
21471
21471
21473
21478
21481
21505
21511
21513
21551
21562
21579
21582
21593
21602
21604
21607
21608
21609
21641
21655
21659
21662
21672
21676
21689
21690
21697
21698
21700
21712
21724
21732
21732
21738
21755
21757
21760
21765
21771
21788
21797
21798
21806
21821
21837
21849
21858
21866
21870
21876
21877
21878
21882
21891
21896
21898
21900
21902
21927
21932
21939
21939
21962
21970
21971
21974
21992
21994
21998
22007
22010
22016
22028
22038
22039
22041
22049
22050
22050
22065
22069
22075
22084
22095
22101
22105
22105
22112
22117
22127
22127
22160
22165
22179
22193
22197
22199
22239
22240
22241
22243
22264
22267
22276
22281
22290
22290
22295
22300
22302
22307
22320
22331
22347
22369
22372
22377
22378
22378
22379
22382
22395
22398
22416
22424
22440
22483
22491
22516
22518
22532
22556
22569
22570
22576
22577
22594
22600
22613
22689
22691
22691
22692
22692
22717
22745
22749
22755
22764
22769
22782
22785
22798
22805
22806
22810
22816
22816
22817
22820
22830
22833
22866
22867
22879
22895
22903
22930
22936
22944
22948
22949
22954
22970
22999
23002
23018
23024
23025
23041
23055
23068
23073
23086
23089
23097
23099
23104
23107
23129
23146
23154
23156
23158
23166
23172
23173
23184
23185
23186
23193
23198
23211
23218
23222
23224
23250
23251
23254
23256
23258
23259
23263
23284
23289
23293
23298
23300
23310
23312
23316
23333
23341
23343
23345
23357
23371
23372
23376
23379
23385
23389
23402
23408
23420
23452
23467
23476
23483
23485
23488
23490
23492
23496
23507
23509
23521
23526
23527
23538
23549
23557
23563
23572
23576
23594
23597
23604
23613
23640
23669
23683
23691
23699
23701
23746
23749
23750
23763
23768
23799
23806
23819
23840
23854
23876
23882
23886
23895
23895
23897
23900
23915
23921
23939
23942
23949
23950
23954
23955
23967
23973
23979
23985
23995
23996
24002
24024
24031
24036
24038
24054
24062
24064
24066
24071
24079
24136
24153
24154
24158
24160
24162
24162
24180
24203
24203
24209
24217
24221
24226
24229
24252
24288
24291
24340
24341
24351
24354
24365
24372
24386
24395
24410
24412
24417
24432
24443
24453
24466
24472
24475
24475
24482
24482
24483
24489
24499
24504
24515
24533
24554
24559
24563
24567
24576
24578
24586
24614
24670
24683
24692
24699
24704
24708
24722
24722
24727
24740
24748
24769
24776
24788
24793
24795
24816
24817
24845
24854
24855
24866
24886
24891
24892
24909
24916
24934
24941
24960
24970
24977
24984
24997
24997
25012
25015
25045
25046
25049
25050
25052
25075
25084
25089
25096
25126
25140
25156
25169
25176
25224
25245
25248
25263
25275
25296
25322
25325
25343
25344
25354
25363
25365
25381
25393
25393
25397
25398
25404
25409
25411
25415
25425
25431
25441
25442
25444
25445
25465
25469
25471
25475
25478
25492
25507
25510
25512
25515
25545
25559
25559
25567
25574
25583
25600
25607
25638
25645
25645
25659
25666
25679
25679
25692
25728
25731
25754
25756
25757
25759
25763
25775
25785
25794
25799
25807
25815
25817
25819
25820
25832
25834
25839
25848
25874
25883
25893
25897
25902
25919
25941
25951
25979
25990
26002
26056
26072
26076
26080
26092
26111
26113
26114
26121
26126
26142
26144
26163
26163
26174
26180
26197
26201
26207
26208
26208
26211
26212
26212
26215
26237
26242
26244
26266
26270
26280
26281
26293
26306
26311
26325
26336
26343
26372
26376
26392
26392
26393
26393
26398
26411
26424
26470
26472
26475
26478
26488
26488
26493
26514
26526
26555
26562
26582
26586
26593
26595
26597
26609
26626
26641
26641
26682
26688
26694
26699
26705
26709
26711
26713
26716
26718
26728
26731
26739
26748
26750
26759
26759
26761
26767
26769
26782
26789
26793
26799
26801
26821
26826
26826
26828
26829
26837
26848
26854
26877
26877
26884
26889
26899
26901
26911
26915
26926
26930
26934
26942
26954
26955
26965
26973
26978
26978
26989
26995
27002
27004
27005
27008
27030
27041
27046
27077
27079
27105
27107
27115
27123
27143
27144
27162
27162
27163
27186
27188
27190
27197
27197
27211
27214
27215
27217
27230
27252
27260
27291
27323
27330
27353
27358
27369
27379
27402
27404
27412
27422
27428
27430
27438
27439
27456
27462
27464
27496
27513
27526
27541
27543
27562
27566
27613
27621
27621
27622
27631
27633
27636
27642
27647
27647
27660
27671
27675
27690
27692
27718
27724
27733
27735
27741
27746
27763
27767
27771
27787
27793
27802
27822
27829
27831
27844
27844
27846
27882
27883
27887
27890
27905
27925
27933
27948
27949
27954
27957
27957
27958
27964
27974
27974
27976
27997
28005
28010
28022
28030
28043
28048
28058
28079
28115
28123
28124
28167
28173
28180
28211
28212
28214
28227
28231
28243
28249
28269
28272
28273
28275
28291
28300
28301
28302
28304
28305
28313
28315
28318
28330
28343
28346
28347
28350
28360
28364
28368
28375
28376
28377
28383
28396
28419
28423
28441
28443
28443
28468
28477
28486
28489
28493
28523
28536
28543
28545
28553
28564
28570
28597
28613
28642
28652
28668
28673
28674
28678
28685
28707
28709
28719
28728
28739
28748
28751
28762
28765
28765
28769
28787
28794
28798
28806
28808
28816
28829
28830
28832
28839
28843
28847
28849
28866
28880
28919
28921
28923
28928
28948
28949
28967
28986
28989
29028
29028
29032
29048
29049
29072
29083
29095
29105
29131
29132
29134
29143
29151
29163
29175
29178
29182
29183
29183
29186
29194
29203
29204
29226
29234
29257
29259
29259
29262
29267
29288
29310
29310
29311
29322
29322
29336
29338
29341
29342
29368
29368
29385
29396
29431
29431
29442
29457
29474
29488
29491
29494
29496
29496
29521
29531
29542
29543
29547
29554
29566
29571
29571
29583
29585
29595
29603
29619
29620
29621
29628
29641
29645
29648
29654
29671
29682
29692
29727
29741
29765
29771
29774
29815
29823
29828
29831
29839
29840
29843
29844
29847
29850
29861
29867
29872
29897
29900
29911
29912
29920
29958
29963
29975
29982
29983
29998
30000
30028
30044
30051
30051
30060
30061
30072
30073
30088
30094
30098
30101
30105
30120
30122
30124
30125
30139
30155
30160
30174
30174
30175
30175
30181
30184
30191
30194
30196
30229
30230
30234
30248
30252
30264
30270
30280
30320
30324
30336
30342
30354
30354
30367
30384
30385
30388
30390
30390
30414
30417
30418
30419
30422
30425
30433
30447
30452
30453
30503
30531
30533
30535
30550
30566
30567
30583
30628
30635
30649
30662
30663
30666
30668
30678
30681
30689
30690
30699
30699
30736
30739
30747
30754
30758
30761
30765
30772
30781
30784
30785
30821
30838
30867
30888
30894
30899
30912
30914
30918
30942
30948
30950
30957
30965
30969
30971
30974
30980
31004
31016
31037
31037
31063
31068
31069
31095
31096
31104
31135
31143
31143
31158
31160
31214
31225
31232
31233
31234
31271
31285
31288
31295
31319
31343
31345
31348
31368
31369
31380
31394
31402
31402
31419
31428
31431
31442
31443
31448
31449
31458
31464
31465
31474
31476
31481
31484
31487
31506
31508
31511
31524
31532
31556
31561
31563
31573
31577
31585
31592
31607
31616
31619
31622
31640
31646
31649
31662
31662
31682
31693
31727
31729
31761
31762
31775
31778
31790
31796
31819
31821
31826
31827
31838
31851
31881
31888
31893
31894
31900
31906
31928
31939
31941
31951
31954
31979
31980
31991
32009
32013
32021
32026
32029
32038
32044
32052
32059
32066
32066
32093
32101
32110
32121
32125
32133
32135
32167
32169
32187
32187
32193
32195
32198
32206
32214
32216
32228
32243
32249
32251
32252
32257
32284
32288
32291
32303
32320
32340
32354
32361
32366
32374
32382
32398
32406
32408
32412
32417
32420
32422
32440
32446
32452
32454
32456
32479
32486
32486
32508
32521
32523
32548
32548
32568
32569
32575
32575
32577
32582
32589
32591
32635
32635
32637
32642
32674
32675
32679
32681
32683
32699
32702
32718
32733
32747
32750
32753
32769
32773
32791
32798
32801
32801
32806
32810
32810
32818
32827
32829
32843
32857
32869
32874
32879
32888
32888
32888
32890
32891
32892
32909
32915
32918
32922
32933
32942
32953
32968
32989
32991
32993
32995
32995
32997
33021
33023
33025
33034
33036
33040
33051
33052
33066
33083
33088
33098
33102
33104
33125
33135
33142
33145
33172
33174
33183
33189
33189
33195
33212
33229
33233
33241
33243
33261
33262
33268
33271
33274
33280
33284
33292
33292
33293
33293
33297
33300
33300
33314
33318
33328
33341
33347
33353
33357
33363
33365
33378
33385
33409
33413
33414
33418
33424
33429
33433
33439
33463
33493
33494
33495
33500
33507
33555
33558
33568
33578
33582
33584
33589
33594
33601
33601
33609
33620
33660
33677
33682
33686
33691
33706
33707
33730
33731
33738
33754
33775
33783
33783
33801
33811
33818
33819
33854
33855
33864
33866
33871
33875
33887
33892
33910
33918
33928
33936
33936
33950
33968
33971
33982
33985
34005
34005
34014
34022
34023
34023
34030
34034
34067
34091
34094
34098
34115
34124
34147
34150
34151
34151
34154
34160
34161
34163
34164
34171
34172
34198
34204
34235
34265
34270
34281
34294
34295
34296
34305
34306
34309
34319
34332
34338
34340
34343
34345
34345
34350
34357
34362
34362
34362
34363
34365
34393
34400
34409
34412
34426
34480
34491
34492
34494
34504
34506
34524
34524
34528
34532
34542
34550
34569
34571
34572
34573
34581
34586
34589
34592
34594
34619
34619
34623
34632
34632
34638
34674
34689
34691
34715
34715
34716
34757
34776
34784
34792
34800
34802
34808
34808
34821
34830
34841
34844
34866
34892
34895
34905
34907
34907
34930
34931
34952
34980
34982
35001
35011
35037
35040
35045
35052
35091
35101
35107
35114
35121
35135
35136
35145
35188
35198
35198
35207
35225
35225
35228
35234
35239
35244
35250
35256
35259
35265
35266
35275
35278
35285
35287
35290
35300
35303
35315
35315
35318
35334
35346
35346
35350
35356
35357
35365
35367
35368
35390
35390
35400
35403
35424
35427
35432
35441
35443
35448
35450
35460
35462
35481
35489
35490
35491
35500
35504
35506
35518
35535
35538
35540
35552
35556
35577
35594
35613
35622
35653
35668
35679
35679
35701
35708
35709
35711
35715
35733
35734
35736
35741
35742
35742
35744
35756
35762
35769
35786
35789
35803
35807
35808
35811
35812
35820
35820
35829
35839
35841
35841
35858
35874
35882
35888
35891
35896
35907
35918
35923
35926
35939
35954
35961
35965
35971
35981
35999
36015
36024
36035
36050
36058
36065
36071
36073
36076
36076
36078
36091
36095
36114
36119
36127
36141
36143
36150
36151
36170
36176
36180
36182
36223
36234
36242
36265
36267
36271
36284
36286
36301
36322
36331
36336
36339
36341
36346
36359
36359
36370
36388
36401
36409
36417
36417
36421
36422
36431
36435
36437
36464
36472
36473
36493
36494
36520
36526
36529
36530
36547
36550
36556
36561
36565
36566
36568
36571
36594
36600
36622
36623
36630
36651
36671
36675
36694
36700
36742
36743
36744
36749
36751
36760
36766
36795
36803
36807
36808
36827
36833
36837
36839
36843
36853
36855
36864
36868
36869
36872
36879
36902
36902
36905
36906
36912
36913
36916
36921
36922
36929
36959
36961
36994
36998
37005
37006
37006
37011
37042
37048
37050
37052
37056
37079
37093
37094
37100
37108
37110
37131
37137
37145
37148
37149
37149
37150
37151
37158
37168
37180
37190
37205
37217
37220
37239
37251
37261
37270
37275
37276
37278
37279
37296
37297
37299
37304
37306
37320
37328
37340
37367
37376
37406
37408
37416
37418
37420
37435
37437
37459
37469
37474
37478
37485
37486
37486
37487
37488
37492
37500
37501
37503
37504
37516
37548
37553
37554
37556
37571
37590
37598
37605
37606
37616
37626
37633
37664
37672
37678
37695
37705
37714
37727
37734
37743
37761
37765
37769
37783
37786
37787
37793
37797
37800
37809
37812
37825
37833
37836
37836
37839
37856
37871
37876
37892
37898
37904
37937
37948
37951
37965
37968
37969
37980
37982
38001
38025
38032
38037
38051
38052
38059
38073
38073
38076
38100
38106
38114
38128
38150
38168
38172
38174
38197
38225
38227
38228
38262
38263
38273
38284
38289
38304
38307
38313
38334
38341
38353
38356
38357
38373
38380
38397
38402
38446
38451
38466
38473
38480
38484
38498
38498
38502
38513
38514
38515
38536
38539
38540
38560
38567
38580
38584
38585
38590
38594
38597
38599
38599
38609
38616
38621
38630
38651
38665
38674
38682
38689
38728
38732
38733
38737
38742
38752
38774
38782
38790
38801
38811
38815
38824
38829
38829
38834
38860
38863
38866
38877
38883
38895
38897
38904
38910
38910
38919
38921
38929
38930
38934
38935
38945
38946
38951
38958
38959
38959
38961
38969
38972
38981
38983
38987
38996
38997
39021
39042
39044
39050
39050
39066
39070
39073
39083
39085
39109
39112
39117
39125
39139
39147
39147
39158
39178
39185
39185
39186
39205
39227
39233
39241
39261
39267
39288
39304
39310
39312
39314
39316
39329
39331
39337
39347
39349
39350
39353
39356
39357
39358
39372
39373
39384
39385
39394
39431
39437
39437
39445
39448
39468
39475
39481
39482
39485
39491
39505
39506
39508
39514
39521
39538
39539
39546
39549
39555
39563
39563
39574
39585
39590
39594
39599
39607
39613
39628
39631
39667
39680
39681
39698
39705
39714
39732
39735
39740
39747
39756
39776
39789
39791
39805
39813
39814
39817
39839
39877
39880
39881
39886
39901
39918
39951
39965
39966
39972
39993
39998
40003
40027
40043
40048
40070
40094
40095
40117
40126
40129
40158
40181
40192
40196
40203
40209
40209
40214
40221
40223
40227
40234
40238
40243
40258
40267
40276
40280
40280
40291
40306
40307
40324
40328
40333
40342
40370
40389
40400
40400
40402
40420
40437
40456
40473
40487
40491
40514
40533
40565
40567
40578
40579
40581
40588
40592
40592
40597
40615
40631
40672
40678
40679
40703
40708
40714
40716
40726
40747
40749
40762
40768
40773
40785
40786
40792
40793
40798
40800
40807
40813
40814
40817
40823
40826
40831
40834
40865
40920
40940
40944
40949
40949
40949
40963
40965
40975
40981
41003
41012
41020
41024
41029
41034
41036
41042
41050
41058
41080
41107
41117
41118
41124
41124
41132
41139
41142
41153
41159
41170
41174
41174
41188
41214
41221
41241
41260
41276
41286
41291
41293
41312
41345
41350
41372
41385
41390
41391
41394
41406
41410
41412
41414
41431
41441
41446
41447
41458
41476
41488
41514
41523
41525
41527
41560
41568
41573
41577
41613
41620
41623
41625
41628
41639
41650
41652
41665
41666
41666
41672
41674
41682
41691
41694
41730
41756
41764
41780
41781
41790
41807
41810
41838
41862
41868
41879
41883
41884
41888
41890
41899
41900
41902
41910
41914
41916
41921
41926
41927
41946
41953
41962
41969
41970
41981
41989
42003
42003
42022
42026
42026
42048
42058
42061
42080
42082
42089
42090
42092
42135
42140
42163
42186
42187
42196
42197
42206
42223
42236
42245
42247
42248
42249
42258
42259
42265
42288
42294
42297
42298
42309
42343
42353
42380
42395
42397
42418
42427
42431
42435
42443
42454
42458
42460
42467
42483
42487
42500
42505
42515
42541
42543
42555
42555
42557
42569
42570
42575
42581
42589
42601
42610
42622
42631
42632
42643
42660
42677
42705
42705
42720
42727
42730
42756
42801
42807
42810
42824
42824
42845
42848
42851
42904
42921
42935
42941
42950
42951
42955
42970
42971
42972
42980
42981
42990
43005
43008
43034
43047
43049
43052
43060
43062
43072
43113
43116
43119
43119
43121
43146
43162
43174
43177
43184
43193
43196
43201
43215
43215
43232
43233
43240
43251
43251
43252
43255
43257
43274
43294
43295
43301
43303
43321
43325
43338
43353
43356
43357
43401
43409
43410
43426
43427
43450
43460
43462
43464
43478
43486
43509
43524
43525
43529
43533
43535
43541
43547
43550
43573
43591
43593
43621
43625
43648
43655
43665
43667
43667
43667
43670
43673
43673
43674
43677
43686
43689
43696
43701
43704
43727
43731
43732
43750
43755
43756
43760
43769
43771
43786
43811
43824
43832
43836
43843
43851
43853
43853
43871
43880
43887
43899
43910
43929
43936
43942
43946
43956
43958
43970
43976
43983
43986
43993
44023
44026
44032
44034
44064
44068
44070
44074
44079
44080
44082
44100
44116
44118
44120
44126
44130
44175
44186
44188
44196
44208
44210
44210
44219
44221
44221
44242
44258
44276
44281
44284
44314
44314
44315
44319
44363
44365
44365
44383
44389
44400
44408
44415
44418
44429
44430
44435
44440
44461
44488
44497
44498
44507
44515
44530
44530
44530
44574
44580
44583
44608
44611
44625
44642
44642
44648
44649
44654
44655
44681
44698
44703
44707
44721
44726
44746
44751
44756
44772
44781
44784
44786
44787
44787
44805
44810
44827
44833
44833
44836
44848
44857
44874
44879
44887
44909
44909
44919
44936
44949
44963
44964
44989
45005
45010
45035
45035
45038
45052
45095
45104
45108
45109
45118
45120
45120
45142
45152
45153
45158
45160
45163
45169
45176
45193
45193
45195
45217
45228
45250
45266
45271
45294
45309
45313
45314
45315
45319
45322
45335
45345
45353
45364
45386
45390
45393
45394
45409
45414
45431
45431
45431
45432
45439
45452
45470
45470
45471
45487
45490
45501
45506
45511
45530
45536
45543
45547
45556
45565
45572
45578
45579
45582
45583
45588
45604
45607
45621
45631
45631
45641
45651
45690
45720
45720
45725
45729
45734
45735
45740
45765
45771
45802
45815
45839
45849
45856
45858
45866
45868
45878
45897
45903
45912
45917
45935
45976
45981
45990
45992
46024
46024
46028
46031
46051
46060
46069
46075
46083
46087
46090
46102
46110
46120
46148
46178
46184
46188
46189
46194
46206
46245
46245
46247
46287
46290
46295
46297
46298
46304
46329
46333
46339
46349
46355
46385
46387
46416
46426
46431
46442
46445
46447
46458
46463
46464
46481
46491
46504
46509
46517
46536
46550
46551
46555
46564
46567
46590
46598
46605
46614
46631
46642
46645
46667
46670
46670
46677
46679
46679
46680
46695
46709
46710
46716
46721
46748
46752
46767
46778
46796
46798
46799
46810
46822
46828
46868
46891
46895
46910
46910
46925
46939
46942
46944
46962
46969
46980
46980
46990
46995
46998
47010
47028
47029
47033
47036
47041
47060
47061
47085
47096
47098
47126
47126
47145
47170
47186
47191
47203
47205
47216
47228
47229
47243
47252
47262
47274
47274
47279
47296
47301
47301
47302
47337
47338
47341
47364
47367
47369
47374
47388
47388
47403
47407
47409
47416
47425
47439
47440
47445
47445
47458
47483
47484
47491
47503
47508
47555
47555
47576
47579
47605
47606
47626
47630
47634
47647
47690
47691
47698
47727
47762
47763
47767
47769
47776
47801
47814
47818
47823
47829
47830
47830
47842
47845
47851
47857
47861
47862
47866
47882
47890
47903
47914
47921
47925
47927
47935
47937
47949
47968
47971
47980
47987
47989
47996
47997
47999
48003
48024
48035
48037
48048
48058
48061
48069
48085
48086
48109
48112
48114
48116
48118
48121
48131
48137
48137
48166
48172
48186
48191
48193
48200
48222
48231
48234
48252
48258
48259
48261
48267
48273
48297
48306
48321
48322
48322
48334
48335
48343
48360
48363
48369
48371
48375
48380
48381
48382
48386
48405
48406
48408
48415
48417
48419
48431
48437
48450
48451
48483
48513
48520
48534
48537
48572
48578
48579
48583
48590
48594
48602
48610
48621
48625
48628
48658
48663
48688
48688
48694
48716
48716
48727
48747
48755
48766
48774
48776
48783
48785
48795
48796
48800
48813
48837
48840
48845
48863
48866
48874
48875
48877
48890
48896
48902
48910
48911
48911
48942
48947
48954
48961
48978
48979
49002
49014
49026
49034
49044
49049
49060
49060
49068
49069
49070
49071
49075
49109
49122
49137
49144
49144
49159
49162
49164
49165
49173
49191
49201
49242
49243
49258
49259
49267
49268
49271
49271
49278
49288
49346
49347
49347
49365
49366
49368
49375
49379
49379
49382
49389
49400
49438
49451
49466
49476
49477
49480
49487
49495
49502
49505
49507
49533
49534
49535
49572
49574
49585
49608
49609
49610
49611
49623
49627
49653
49668
49679
49692
49697
49699
49705
49715
49729
49747
49758
49760
49769
49800
49800
49817
49834
49846
49848
49857
49859
49863
49867
49877
49879
49897
49911
49922
49925
49935
49935
49943
49958
49958
49966
49977
